<?xml version="1.0" encoding="UTF-8"?>
<!-- Generated by org.testng.reporters.JUnitXMLReporter -->
<testsuite hostname="Lenovo-I7-PC" ignored="6" name="Default test" tests="1" failures="0" timestamp="05 Mar 2020 10:12:15 GMT" time="3.112" errors="0">
  <testcase name="responseTime" time="3.075" classname="API_Testing_TestNG_BDD.API_TestNG_BDD.API_Testing_1"/>
  <testcase name="deleteAPI" time="0.0" classname="API_Testing_TestNG_BDD.API_TestNG_BDD.API_Testing_1">
    <ignored/>
  </testcase> <!-- deleteAPI -->
  <testcase name="postClassAPI" time="0.0" classname="API_Testing_TestNG_BDD.API_TestNG_BDD.API_Testing_1">
    <ignored/>
  </testcase> <!-- postClassAPI -->
  <testcase name="postAPI" time="0.0" classname="API_Testing_TestNG_BDD.API_TestNG_BDD.API_Testing_1">
    <ignored/>
  </testcase> <!-- postAPI -->
  <testcase name="patchAPI" time="0.0" classname="API_Testing_TestNG_BDD.API_TestNG_BDD.API_Testing_1">
    <ignored/>
  </testcase> <!-- patchAPI -->
  <testcase name="getAPI" time="0.0" classname="API_Testing_TestNG_BDD.API_TestNG_BDD.API_Testing_1">
    <ignored/>
  </testcase> <!-- getAPI -->
  <testcase name="putAPI" time="0.0" classname="API_Testing_TestNG_BDD.API_TestNG_BDD.API_Testing_1">
    <ignored/>
  </testcase> <!-- putAPI -->
</testsuite> <!-- Default test -->
