<?xml version="1.0" encoding="UTF-8"?>
<!-- Generated by org.testng.reporters.JUnitXMLReporter -->
<testsuite hostname="ramit-QA-ThinkPad-E490" ignored="5" name="Default test" tests="1" failures="0" timestamp="25 Jul 2020 18:06:12 GMT" time="0.717" errors="0">
  <testcase name="responseTime" time="0.701" classname="API_Testing_TestNG_BDD.API_TestNG_BDD.API_Testing_1"/>
  <testcase name="deleteAPI" time="0.0" classname="API_Testing_TestNG_BDD.API_TestNG_BDD.API_Testing_1">
    <ignored/>
  </testcase> <!-- deleteAPI -->
  <testcase name="postAPI" time="0.0" classname="API_Testing_TestNG_BDD.API_TestNG_BDD.API_Testing_1">
    <ignored/>
  </testcase> <!-- postAPI -->
  <testcase name="patchAPI" time="0.0" classname="API_Testing_TestNG_BDD.API_TestNG_BDD.API_Testing_1">
    <ignored/>
  </testcase> <!-- patchAPI -->
  <testcase name="getAPI" time="0.0" classname="API_Testing_TestNG_BDD.API_TestNG_BDD.API_Testing_1">
    <ignored/>
  </testcase> <!-- getAPI -->
  <testcase name="putAPI" time="0.0" classname="API_Testing_TestNG_BDD.API_TestNG_BDD.API_Testing_1">
    <ignored/>
  </testcase> <!-- putAPI -->
</testsuite> <!-- Default test -->
