<?xml version="1.0" encoding="UTF-8"?>
<testng-results skipped="0" failed="0" ignored="6" total="7" passed="1">
  <reporter-output>
  </reporter-output>
  <suite name="Default suite" duration-ms="3112" started-at="2020-03-05T10:12:11Z" finished-at="2020-03-05T10:12:15Z">
    <groups>
    </groups>
    <test name="Default test" duration-ms="3112" started-at="2020-03-05T10:12:11Z" finished-at="2020-03-05T10:12:15Z">
      <class name="API_Testing_TestNG_BDD.API_TestNG_BDD.API_Testing_1">
        <test-method status="PASS" signature="responseTime()[pri:0, instance:API_Testing_TestNG_BDD.API_TestNG_BDD.API_Testing_1@61832929]" name="responseTime" duration-ms="3075" started-at="2020-03-05T10:12:11Z" description="API Response Time" finished-at="2020-03-05T10:12:15Z">
          <reporter-output>
          </reporter-output>
        </test-method> <!-- responseTime -->
      </class> <!-- API_Testing_TestNG_BDD.API_TestNG_BDD.API_Testing_1 -->
    </test> <!-- Default test -->
  </suite> <!-- Default suite -->
</testng-results>
