<?xml version="1.0" encoding="UTF-8"?>
<testng-results skipped="0" failed="0" ignored="5" total="6" passed="1">
  <reporter-output>
  </reporter-output>
  <suite name="Default suite" duration-ms="717" started-at="2020-07-25T18:06:11Z" finished-at="2020-07-25T18:06:12Z">
    <groups>
    </groups>
    <test name="Default test" duration-ms="717" started-at="2020-07-25T18:06:11Z" finished-at="2020-07-25T18:06:12Z">
      <class name="API_Testing_TestNG_BDD.API_TestNG_BDD.API_Testing_1">
        <test-method status="PASS" signature="responseTime()[pri:0, instance:API_Testing_TestNG_BDD.API_TestNG_BDD.API_Testing_1@2a70a3d8]" name="responseTime" duration-ms="701" started-at="2020-07-25T18:06:11Z" description="API Response Time" finished-at="2020-07-25T18:06:12Z">
          <reporter-output>
          </reporter-output>
        </test-method> <!-- responseTime -->
      </class> <!-- API_Testing_TestNG_BDD.API_TestNG_BDD.API_Testing_1 -->
    </test> <!-- Default test -->
  </suite> <!-- Default suite -->
</testng-results>
